  UsoMemoria.cpp
C:\Users\imike\OneDrive\Escritorio\ED\UsoMemoria\UsoMemoria\UsoMemoria.cpp(22,12): warning C4477: 'printf' : la cadena de formato '%i' requiere un argumento de tipo 'int', pero el argumento variádico 1 tiene el tipo 'size_t'
C:\Users\imike\OneDrive\Escritorio\ED\UsoMemoria\UsoMemoria\UsoMemoria.cpp(22,12): message : considere el uso de ' %zi' en la cadena de formato
C:\Users\imike\OneDrive\Escritorio\ED\UsoMemoria\UsoMemoria\UsoMemoria.cpp(23,12): warning C4477: 'printf' : la cadena de formato '%i' requiere un argumento de tipo 'int', pero el argumento variádico 1 tiene el tipo 'size_t'
C:\Users\imike\OneDrive\Escritorio\ED\UsoMemoria\UsoMemoria\UsoMemoria.cpp(23,12): message : considere el uso de ' %zi' en la cadena de formato
C:\Users\imike\OneDrive\Escritorio\ED\UsoMemoria\UsoMemoria\UsoMemoria.cpp(24,12): warning C4477: 'printf' : la cadena de formato '%i' requiere un argumento de tipo 'int', pero el argumento variádico 1 tiene el tipo 'size_t'
C:\Users\imike\OneDrive\Escritorio\ED\UsoMemoria\UsoMemoria\UsoMemoria.cpp(24,12): message : considere el uso de ' %zi' en la cadena de formato
C:\Users\imike\OneDrive\Escritorio\ED\UsoMemoria\UsoMemoria\UsoMemoria.cpp(25,12): warning C4477: 'printf' : la cadena de formato '%i' requiere un argumento de tipo 'int', pero el argumento variádico 1 tiene el tipo 'size_t'
C:\Users\imike\OneDrive\Escritorio\ED\UsoMemoria\UsoMemoria\UsoMemoria.cpp(25,12): message : considere el uso de ' %zi' en la cadena de formato
C:\Users\imike\OneDrive\Escritorio\ED\UsoMemoria\UsoMemoria\UsoMemoria.cpp(26,12): warning C4477: 'printf' : la cadena de formato '%i' requiere un argumento de tipo 'int', pero el argumento variádico 1 tiene el tipo 'size_t'
C:\Users\imike\OneDrive\Escritorio\ED\UsoMemoria\UsoMemoria\UsoMemoria.cpp(26,12): message : considere el uso de ' %zi' en la cadena de formato
C:\Users\imike\OneDrive\Escritorio\ED\UsoMemoria\UsoMemoria\UsoMemoria.cpp(27,12): warning C4477: 'printf' : la cadena de formato '%i' requiere un argumento de tipo 'int', pero el argumento variádico 1 tiene el tipo 'size_t'
C:\Users\imike\OneDrive\Escritorio\ED\UsoMemoria\UsoMemoria\UsoMemoria.cpp(27,12): message : considere el uso de ' %zi' en la cadena de formato
C:\Users\imike\OneDrive\Escritorio\ED\UsoMemoria\UsoMemoria\UsoMemoria.cpp(28,12): warning C4477: 'printf' : la cadena de formato '%i' requiere un argumento de tipo 'int', pero el argumento variádico 1 tiene el tipo 'size_t'
C:\Users\imike\OneDrive\Escritorio\ED\UsoMemoria\UsoMemoria\UsoMemoria.cpp(28,12): message : considere el uso de ' %zi' en la cadena de formato
C:\Users\imike\OneDrive\Escritorio\ED\UsoMemoria\UsoMemoria\UsoMemoria.cpp(29,12): warning C4477: 'printf' : la cadena de formato '%i' requiere un argumento de tipo 'int', pero el argumento variádico 1 tiene el tipo 'size_t'
C:\Users\imike\OneDrive\Escritorio\ED\UsoMemoria\UsoMemoria\UsoMemoria.cpp(29,12): message : considere el uso de ' %zi' en la cadena de formato
C:\Users\imike\OneDrive\Escritorio\ED\UsoMemoria\UsoMemoria\UsoMemoria.cpp(30,12): warning C4477: 'printf' : la cadena de formato '%i' requiere un argumento de tipo 'int', pero el argumento variádico 1 tiene el tipo 'size_t'
C:\Users\imike\OneDrive\Escritorio\ED\UsoMemoria\UsoMemoria\UsoMemoria.cpp(30,12): message : considere el uso de ' %zi' en la cadena de formato
C:\Users\imike\OneDrive\Escritorio\ED\UsoMemoria\UsoMemoria\UsoMemoria.cpp(18,10): warning C4101: 'pv3': variable local sin referencia
C:\Users\imike\OneDrive\Escritorio\ED\UsoMemoria\UsoMemoria\UsoMemoria.cpp(14,10): warning C4101: 'pi': variable local sin referencia
C:\Users\imike\OneDrive\Escritorio\ED\UsoMemoria\UsoMemoria\UsoMemoria.cpp(19,10): warning C4101: 'szCadena': variable local sin referencia
C:\Users\imike\OneDrive\Escritorio\ED\UsoMemoria\UsoMemoria\UsoMemoria.cpp(12,9): warning C4101: 'i': variable local sin referencia
C:\Users\imike\OneDrive\Escritorio\ED\UsoMemoria\UsoMemoria\UsoMemoria.cpp(13,9): warning C4101: 'i2': variable local sin referencia
C:\Users\imike\OneDrive\Escritorio\ED\UsoMemoria\UsoMemoria\UsoMemoria.cpp(15,10): warning C4101: 'pi2': variable local sin referencia
  UsoMemoria.vcxproj -> C:\Users\imike\OneDrive\Escritorio\ED\UsoMemoria\x64\Debug\UsoMemoria.exe
